# JRE version: Java(TM) SE Runtime Environment (8.0_66-b18) (build 1.8.0_66-b18)
# Java VM: Java HotSpot(TM) 64-Bit Server VM (25.66-b18 mixed mode windows-amd64 compressed oops)
Heap:
 PSYoungGen      total 323072K, used 232066K [0x000000076ab00000, 0x000000078e680000, 0x00000007c0000000)
  eden space 171520K, 46% used [0x000000076ab00000,0x000000076f9a8008,0x0000000775280000)
  from space 151552K, 99% used [0x0000000775280000,0x000000077e6788d0,0x000000077e680000)
  to   space 182784K, 0% used [0x0000000783400000,0x0000000783400000,0x000000078e680000)
 ParOldGen       total 393216K, used 244788K [0x00000006c0000000, 0x00000006d8000000, 0x000000076ab00000)
  object space 393216K, 62% used [0x00000006c0000000,0x00000006cef0d048,0x00000006d8000000)
 Metaspace       used 6507K, capacity 7256K, committed 7424K, reserved 1056768K
  class space    used 625K, capacity 656K, committed 768K, reserved 1048576K
GC Heap History (10 events):
Event: 8.349 GC heap before
{Heap before GC invocations=7 (full 2):
 PSYoungGen      total 272896K, used 10751K [0x000000076ab00000, 0x000000077c000000, 0x00000007c0000000)
  eden space 262144K, 0% used [0x000000076ab00000,0x000000076ab00000,0x000000077ab00000)
  from space 10752K, 99% used [0x000000077ab00000,0x000000077b57fe38,0x000000077b580000)
  to   space 10752K, 0% used [0x000000077b580000,0x000000077b580000,0x000000077c000000)
 ParOldGen       total 307200K, used 208780K [0x00000006c0000000, 0x00000006d2c00000, 0x000000076ab00000)
  object space 307200K, 67% used [0x00000006c0000000,0x00000006ccbe32a8,0x00000006d2c00000)
 Metaspace       used 6455K, capacity 7192K, committed 7424K, reserved 1056768K
  class space    used 625K, capacity 656K, committed 768K, reserved 1048576K
Event: 9.925 GC heap after
Heap after GC invocations=7 (full 2):
 PSYoungGen      total 272896K, used 0K [0x000000076ab00000, 0x000000077c000000, 0x00000007c0000000)
  eden space 262144K, 0% used [0x000000076ab00000,0x000000076ab00000,0x000000077ab00000)
  from space 10752K, 0% used [0x000000077ab00000,0x000000077ab00000,0x000000077b580000)
  to   space 10752K, 0% used [0x000000077b580000,0x000000077b580000,0x000000077c000000)
 ParOldGen       total 393216K, used 135385K [0x00000006c0000000, 0x00000006d8000000, 0x000000076ab00000)
  object space 393216K, 34% used [0x00000006c0000000,0x00000006c84364c0,0x00000006d8000000)
 Metaspace       used 6455K, capacity 7192K, committed 7424K, reserved 1056768K
  class space    used 625K, capacity 656K, committed 768K, reserved 1048576K
}
Event: 10.790 GC heap before
{Heap before GC invocations=8 (full 2):
 PSYoungGen      total 272896K, used 262144K [0x000000076ab00000, 0x000000077c000000, 0x00000007c0000000)
  eden space 262144K, 100% used [0x000000076ab00000,0x000000077ab00000,0x000000077ab00000)
  from space 10752K, 0% used [0x000000077ab00000,0x000000077ab00000,0x000000077b580000)
  to   space 10752K, 0% used [0x000000077b580000,0x000000077b580000,0x000000077c000000)
 ParOldGen       total 393216K, used 135385K [0x00000006c0000000, 0x00000006d8000000, 0x000000076ab00000)
  object space 393216K, 34% used [0x00000006c0000000,0x00000006c84364c0,0x00000006d8000000)
 Metaspace       used 6465K, capacity 7192K, committed 7424K, reserved 1056768K
  class space    used 625K, capacity 656K, committed 768K, reserved 1048576K
Event: 10.893 GC heap after
Heap after GC invocations=8 (full 2):
 PSYoungGen      total 158208K, used 10746K [0x000000076ab00000, 0x0000000790480000, 0x00000007c0000000)
  eden space 147456K, 0% used [0x000000076ab00000,0x000000076ab00000,0x0000000773b00000)
  from space 10752K, 99% used [0x000000077b580000,0x000000077bffe988,0x000000077c000000)
  to   space 125440K, 0% used [0x0000000773b00000,0x0000000773b00000,0x000000077b580000)
 ParOldGen       total 393216K, used 200786K [0x00000006c0000000, 0x00000006d8000000, 0x000000076ab00000)
  object space 393216K, 51% used [0x00000006c0000000,0x00000006cc414900,0x00000006d8000000)
 Metaspace       used 6465K, capacity 7192K, committed 7424K, reserved 1056768K
  class space    used 625K, capacity 656K, committed 768K, reserved 1048576K
}
Event: 11.194 GC heap before
{Heap before GC invocations=9 (full 2):
 PSYoungGen      total 158208K, used 158202K [0x000000076ab00000, 0x0000000790480000, 0x00000007c0000000)
  eden space 147456K, 100% used [0x000000076ab00000,0x0000000773b00000,0x0000000773b00000)
  from space 10752K, 99% used [0x000000077b580000,0x000000077bffe988,0x000000077c000000)
  to   space 125440K, 0% used [0x0000000773b00000,0x0000000773b00000,0x000000077b580000)
 ParOldGen       total 393216K, used 200786K [0x00000006c0000000, 0x00000006d8000000, 0x000000076ab00000)
  object space 393216K, 51% used [0x00000006c0000000,0x00000006cc414900,0x00000006d8000000)
 Metaspace       used 6484K, capacity 7192K, committed 7424K, reserved 1056768K
  class space    used 625K, capacity 656K, committed 768K, reserved 1048576K
Event: 11.242 GC heap after
Heap after GC invocations=9 (full 2):
 PSYoungGen      total 272896K, used 63136K [0x000000076ab00000, 0x0000000785b00000, 0x00000007c0000000)
  eden space 147456K, 0% used [0x000000076ab00000,0x000000076ab00000,0x0000000773b00000)
  from space 125440K, 50% used [0x0000000773b00000,0x00000007778a80c0,0x000000077b580000)
  to   space 119296K, 0% used [0x000000077e680000,0x000000077e680000,0x0000000785b00000)
 ParOldGen       total 393216K, used 200786K [0x00000006c0000000, 0x00000006d8000000, 0x000000076ab00000)
  object space 393216K, 51% used [0x00000006c0000000,0x00000006cc414900,0x00000006d8000000)
 Metaspace       used 6484K, capacity 7192K, committed 7424K, reserved 1056768K
  class space    used 625K, capacity 656K, committed 768K, reserved 1048576K
}
Event: 11.508 GC heap before
{Heap before GC invocations=10 (full 2):
 PSYoungGen      total 272896K, used 210592K [0x000000076ab00000, 0x0000000785b00000, 0x00000007c0000000)
  eden space 147456K, 100% used [0x000000076ab00000,0x0000000773b00000,0x0000000773b00000)
  from space 125440K, 50% used [0x0000000773b00000,0x00000007778a80c0,0x000000077b580000)
  to   space 119296K, 0% used [0x000000077e680000,0x000000077e680000,0x0000000785b00000)
 ParOldGen       total 393216K, used 200786K [0x00000006c0000000, 0x00000006d8000000, 0x000000076ab00000)
  object space 393216K, 51% used [0x00000006c0000000,0x00000006cc414900,0x00000006d8000000)
 Metaspace       used 6496K, capacity 7192K, committed 7424K, reserved 1056768K
  class space    used 625K, capacity 656K, committed 768K, reserved 1048576K
Event: 11.618 GC heap after
Heap after GC invocations=10 (full 2):
 PSYoungGen      total 290816K, used 119282K [0x000000076ab00000, 0x000000078a100000, 0x00000007c0000000)
  eden space 171520K, 0% used [0x000000076ab00000,0x000000076ab00000,0x0000000775280000)
  from space 119296K, 99% used [0x000000077e680000,0x0000000785afc9d0,0x0000000785b00000)
  to   space 151552K, 0% used [0x0000000775280000,0x0000000775280000,0x000000077e680000)
 ParOldGen       total 393216K, used 229180K [0x00000006c0000000, 0x00000006d8000000, 0x000000076ab00000)
  object space 393216K, 58% used [0x00000006c0000000,0x00000006cdfcf048,0x00000006d8000000)
 Metaspace       used 6496K, capacity 7192K, committed 7424K, reserved 1056768K
  class space    used 625K, capacity 656K, committed 768K, reserved 1048576K
}
Event: 11.850 GC heap before
{Heap before GC invocations=11 (full 2):
 PSYoungGen      total 290816K, used 290802K [0x000000076ab00000, 0x000000078a100000, 0x00000007c0000000)
  eden space 171520K, 100% used [0x000000076ab00000,0x0000000775280000,0x0000000775280000)
  from space 119296K, 99% used [0x000000077e680000,0x0000000785afc9d0,0x0000000785b00000)
  to   space 151552K, 0% used [0x0000000775280000,0x0000000775280000,0x000000077e680000)
 ParOldGen       total 393216K, used 229180K [0x00000006c0000000, 0x00000006d8000000, 0x000000076ab00000)
  object space 393216K, 58% used [0x00000006c0000000,0x00000006cdfcf048,0x00000006d8000000)
 Metaspace       used 6505K, capacity 7256K, committed 7424K, reserved 1056768K
  class space    used 625K, capacity 656K, committed 768K, reserved 1048576K
Event: 11.954 GC heap after
Heap after GC invocations=11 (full 2):
 PSYoungGen      total 323072K, used 151522K [0x000000076ab00000, 0x000000078e680000, 0x00000007c0000000)
  eden space 171520K, 0% used [0x000000076ab00000,0x000000076ab00000,0x0000000775280000)
  from space 151552K, 99% used [0x0000000775280000,0x000000077e6788d0,0x000000077e680000)
  to   space 182784K, 0% used [0x0000000783400000,0x0000000783400000,0x000000078e680000)
 ParOldGen       total 393216K, used 244788K [0x00000006c0000000, 0x00000006d8000000, 0x000000076ab00000)
  object space 393216K, 62% used [0x00000006c0000000,0x00000006cef0d048,0x00000006d8000000)
 Metaspace       used 6505K, capacity 7256K, committed 7424K, reserved 1056768K
  class space    used 625K, capacity 656K, committed 768K, reserved 1048576K
}

